<?xml version="1.0" encoding="UTF-8"?>
<!-- Generated by org.testng.reporters.JUnitXMLReporter -->
<testsuite hostname="SUHAILD-W7" name="Automation" tests="14" failures="0" timestamp="9 Oct 2017 08:11:29 GMT" time="171.424" errors="0">
  <testcase name="ConsumerSearchBy_City" time="9.679" classname="testFiles.ConsumerSearch"/>
  <testcase name="ConsumerSearchBy_Country" time="8.206" classname="testFiles.ConsumerSearch"/>
  <testcase name="ConsumerSearchBy_EmailID" time="8.196" classname="testFiles.ConsumerSearch"/>
  <testcase name="ConsumerSearchBy_FirstName" time="18.911" classname="testFiles.ConsumerSearch"/>
  <testcase name="ConsumerSearchBy_LastName" time="18.871" classname="testFiles.ConsumerSearch"/>
  <testcase name="ConsumerSearchBy_NagativeSearch" time="8.203" classname="testFiles.ConsumerSearch"/>
  <testcase name="ConsumerSearchBy_PartialEmailID" time="8.8" classname="testFiles.ConsumerSearch"/>
  <testcase name="ConsumerSearchBy_PartialFirstName" time="18.881" classname="testFiles.ConsumerSearch"/>
  <testcase name="ConsumerSearchBy_PartialLastName" time="19.651" classname="testFiles.ConsumerSearch"/>
  <testcase name="ConsumerSearchBy_PartialPhoneNumber" time="8.999" classname="testFiles.ConsumerSearch"/>
  <testcase name="ConsumerSearchBy_PhoneNumber" time="8.779" classname="testFiles.ConsumerSearch"/>
  <testcase name="ConsumerSearchBy_State" time="8.36" classname="testFiles.ConsumerSearch"/>
  <testcase name="ConsumerSearchBy_Street" time="8.512" classname="testFiles.ConsumerSearch"/>
  <testcase name="ConsumerSearchBy_ZIP" time="8.444" classname="testFiles.ConsumerSearch"/>
</testsuite> <!-- Automation -->
