<?xml version="1.0" encoding="UTF-8"?>
<!-- Generated by org.testng.reporters.JUnitXMLReporter -->
<testsuite hostname="SUHAILD-W7" name="Automation" tests="14" failures="2" timestamp="10 Oct 2017 06:43:55 GMT" time="262.615" errors="0">
  <testcase name="ConsumerSearchBy_FirstName" time="19.127" classname="testFiles.ConsumerSearch"/>
  <testcase name="ConsumerSearchBy_PartialFirstName" time="18.694" classname="testFiles.ConsumerSearch"/>
  <testcase name="ConsumerSearchBy_LastName" time="18.623" classname="testFiles.ConsumerSearch"/>
  <testcase name="ConsumerSearchBy_PartialLastName" time="18.549" classname="testFiles.ConsumerSearch"/>
  <testcase name="ConsumerSearchBy_PhoneNumber" time="18.671" classname="testFiles.ConsumerSearch"/>
  <testcase name="ConsumerSearchBy_PartialPhoneNumber" time="19.429" classname="testFiles.ConsumerSearch">
    <failure type="java.lang.AssertionError" message="Consumer Record With the searched PhoneNumber [109899] is NOT Found">
      <![CDATA[java.lang.AssertionError: Consumer Record With the searched PhoneNumber [109899] is NOT Found
	at supportFiles.LOG.report_FAIL(LOG.java:55)
	at pageFiles.ConsumerSearchKeywords.verifyPhoneNumber(ConsumerSearchKeywords.java:79)
	at testFiles.ConsumerSearch.ConsumerSearchBy_PartialPhoneNumber(ConsumerSearch.java:64)
	at java.util.concurrent.ThreadPoolExecutor.runWorker(Unknown Source)
	at java.util.concurrent.ThreadPoolExecutor$Worker.run(Unknown Source)
	at java.lang.Thread.run(Unknown Source)
... Removed 11 stack frames]]>
    </failure>
  </testcase> <!-- ConsumerSearchBy_PartialPhoneNumber -->
  <testcase name="ConsumerSearchBy_EmailID" time="18.718" classname="testFiles.ConsumerSearch"/>
  <testcase name="ConsumerSearchBy_PartialEmailID" time="18.637" classname="testFiles.ConsumerSearch"/>
  <testcase name="ConsumerSearchBy_Street" time="18.672" classname="testFiles.ConsumerSearch"/>
  <testcase name="ConsumerSearchBy_City" time="19.221" classname="testFiles.ConsumerSearch">
    <failure type="java.lang.AssertionError" message="Consumer Record With the searched Address [Mumbai] is NOT Found">
      <![CDATA[java.lang.AssertionError: Consumer Record With the searched Address [Mumbai] is NOT Found
	at supportFiles.LOG.report_FAIL(LOG.java:55)
	at pageFiles.ConsumerSearchKeywords.verifyAddress(ConsumerSearchKeywords.java:140)
	at testFiles.ConsumerSearch.ConsumerSearchBy_City(ConsumerSearch.java:96)
	at java.util.concurrent.ThreadPoolExecutor.runWorker(Unknown Source)
	at java.util.concurrent.ThreadPoolExecutor$Worker.run(Unknown Source)
	at java.lang.Thread.run(Unknown Source)
... Removed 11 stack frames]]>
    </failure>
  </testcase> <!-- ConsumerSearchBy_City -->
  <testcase name="ConsumerSearchBy_State" time="18.759" classname="testFiles.ConsumerSearch"/>
  <testcase name="ConsumerSearchBy_Country" time="18.723" classname="testFiles.ConsumerSearch"/>
  <testcase name="ConsumerSearchBy_ZIP" time="18.472" classname="testFiles.ConsumerSearch"/>
  <testcase name="ConsumerSearchBy_NagativeSearch" time="10.877" classname="testFiles.ConsumerSearch"/>
</testsuite> <!-- Automation -->
